<?xml version="1.0" encoding="UTF-8"?>
<testng-results skipped="0" failed="0" total="0" passed="0">
  <reporter-output>
  </reporter-output>
  <suite name="com.qedge.AppTest" duration-ms="0" started-at="2015-06-02T09:50:55Z" finished-at="2015-06-02T09:50:55Z">
    <groups>
    </groups>
    <test name="Command line test" duration-ms="0" started-at="2015-06-02T09:50:55Z" finished-at="2015-06-02T09:50:55Z">
    </test> <!-- Command line test -->
  </suite> <!-- com.qedge.AppTest -->
</testng-results>
